Content-Type: text/plain; charset="utf-8"
MIME-Version: 1.0
Content-Transfer-Encoding: 8bit
Subject: Password reset on 127.0.0.1:8000
From: webmaster@localhost
To: quentin.lauret@epita.fr
Date: Sun, 05 Mar 2023 19:58:44 -0000
Message-ID: <167804632415.8772.9342424572540280007@LAPTOP-JONN94T3>


You're receiving this email because you requested a password reset for your user account at 127.0.0.1:8000.

Please go to the following page and choose a new password:

http://127.0.0.1:8000/accounts/reset/MQ/bklu5w-1ac2b8fee0adf5dd1e2974e254b0f761/

Your username, in case you’ve forgotten: admin

Thanks for using our site!

The 127.0.0.1:8000 team



-------------------------------------------------------------------------------
Content-Type: text/plain; charset="utf-8"
MIME-Version: 1.0
Content-Transfer-Encoding: 8bit
Subject: Password reset on 127.0.0.1:8000
From: webmaster@localhost
To: quentin.lauret@epita.fr
Date: Sun, 05 Mar 2023 19:58:44 -0000
Message-ID: <167804632416.8772.13478080805273270278@LAPTOP-JONN94T3>


You're receiving this email because you requested a password reset for your user account at 127.0.0.1:8000.

Please go to the following page and choose a new password:

http://127.0.0.1:8000/accounts/reset/Mg/bklu5w-81acd03c226e15f55455726f8a990788/

Your username, in case you’ve forgotten: quent

Thanks for using our site!

The 127.0.0.1:8000 team



-------------------------------------------------------------------------------
Content-Type: text/plain; charset="utf-8"
MIME-Version: 1.0
Content-Transfer-Encoding: 8bit
Subject: Password reset on 127.0.0.1:8000
From: webmaster@localhost
To: quentin.lauret@epita.fr
Date: Sun, 05 Mar 2023 19:58:44 -0000
Message-ID: <167804632416.8772.692498843677801954@LAPTOP-JONN94T3>


You're receiving this email because you requested a password reset for your user account at 127.0.0.1:8000.

Please go to the following page and choose a new password:

http://127.0.0.1:8000/accounts/reset/NA/bklu5w-7168734f3d12b307082c62a4bb8af46e/

Your username, in case you’ve forgotten: quentin

Thanks for using our site!

The 127.0.0.1:8000 team



-------------------------------------------------------------------------------
